\BOOKMARK [1][-]{section.1}{Executive\040Summary}{}% 1
\BOOKMARK [1][-]{section.2}{Background\040and\040Research}{}% 2
\BOOKMARK [2][-]{subsection.2.1}{Research}{section.2}% 3
\BOOKMARK [3][-]{subsubsection.2.1.1}{Commercial\040Off-the-Shelf\040Products}{subsection.2.1}% 4
\BOOKMARK [3][-]{subsubsection.2.1.2}{Open\040Source\040Projects}{subsection.2.1}% 5
\BOOKMARK [3][-]{subsubsection.2.1.3}{Papers}{subsection.2.1}% 6
\BOOKMARK [1][-]{section.3}{Product\040Design\040Specification}{}% 7
\BOOKMARK [2][-]{subsection.3.1}{Product\040Overview}{section.3}% 8
\BOOKMARK [2][-]{subsection.3.2}{Stackholders}{section.3}% 9
\BOOKMARK [2][-]{subsection.3.3}{Requirements}{section.3}% 10
\BOOKMARK [2][-]{subsection.3.4}{Initial\040Product\040Design}{section.3}% 11
\BOOKMARK [3][-]{subsubsection.3.4.1}{Hardware\040Architecture\040Block\040Diagram}{subsection.3.4}% 12
\BOOKMARK [3][-]{subsubsection.3.4.2}{Software\040Architecture}{subsection.3.4}% 13
\BOOKMARK [2][-]{subsection.3.5}{Verification\040Plans}{section.3}% 14
\BOOKMARK [2][-]{subsection.3.6}{Risks}{section.3}% 15
\BOOKMARK [2][-]{subsection.3.7}{Deliverables}{section.3}% 16
\BOOKMARK [1][-]{section.4}{Project\040Management\040Plan}{}% 17
\BOOKMARK [2][-]{subsection.4.1}{Project\040Timeline}{section.4}% 18
\BOOKMARK [2][-]{subsection.4.2}{Budget\040and\040Resources}{section.4}% 19
\BOOKMARK [2][-]{subsection.4.3}{Intellectual\040Property\040Discussion}{section.4}% 20
\BOOKMARK [2][-]{subsection.4.4}{Team}{section.4}% 21
\BOOKMARK [3][-]{subsubsection.4.4.1}{Members\040and\040their\040skills}{subsection.4.4}% 22
\BOOKMARK [3][-]{subsubsection.4.4.2}{Roles}{subsection.4.4}% 23
\BOOKMARK [2][-]{subsection.4.5}{Development\040Tools\040and\040Process}{section.4}% 24
\BOOKMARK [1][-]{section.5}{Signatures}{}% 25
